#
# A fatal error has been detected by the Java Runtime Environment:
#
#  SIGSEGV (0xb) at pc=0x00000180000000c8, pid=8114, tid=140534363625216
#
# JRE version: OpenJDK Runtime Environment (8.0_51-b16) (build 1.8.0_51-b16)
# Java VM: OpenJDK 64-Bit Server VM (25.51-b03 mixed mode linux-amd64 compressed oops)
# Problematic frame:
# C  0x00000180000000c8
#
# Failed to write core dump. Core dumps have been disabled. To enable core dumping, try "ulimit -c unlimited" before starting Java again
#
# If you would like to submit a bug report, please visit:
#   http://bugreport.java.com/bugreport/crash.jsp
#

---------------  T H R E A D  ---------------

Current thread (0x00007fd0cc0ac000):  JavaThread "C2 CompilerThread0" daemon [_thread_in_vm, id=8138, stack(0x00007fd0b4c29000,0x00007fd0b4d2a000)]

siginfo: si_signo: 11 (SIGSEGV), si_code: 1 (SEGV_MAPERR), si_addr: 0x00000180000000c8

Registers:
RAX=0x00000180000000c8, RBX=0x00007fd0b4d28788, RCX=0x0000000000000001, RDX=0x00007fd08c7cfc80
RSP=0x00007fd0b4d26fe8, RBP=0x00007fd0b4d27100, RSI=0x0000000000000011, RDI=0x00007fd08c2e0498
R8 =0x0000000000000001, R9 =0x00007fd0cc0ac870, R10=0x00007fd0bd549400, R11=0x00007fd09424db38
R12=0x0000000000000012, R13=0x00007fd0d1c17890, R14=0x00007fd08c2e0498, R15=0x00007fd0b4d27010
RIP=0x00000180000000c8, EFLAGS=0x0000000000010283, CSGSFS=0x002b000000000033, ERR=0x0000000000000014
  TRAPNO=0x000000000000000e

Top of Stack: (sp=0x00007fd0b4d26fe8)
0x00007fd0b4d26fe8:   00007fd0d1c154e5 00007fd0b4d27010
0x00007fd0b4d26ff8:   0000000000000000 00007fd0b4d27160
0x00007fd0b4d27008:   00007fd0b4d270a0 0000000200000001
0x00007fd0b4d27018:   0000000000000000 000000000000000f
0x00007fd0b4d27028:   00007fd08c7cfc80 0000000000000000
0x00007fd0b4d27038:   00007fd09424db38 00007fd09424db38
0x00007fd0b4d27048:   0000000000000000 00007fd0bd54942d
0x00007fd0b4d27058:   0000000000000005 00007fd09424db2c
0x00007fd0b4d27068:   00007fd094010000 00007fd0bd5494c0
0x00007fd0b4d27078:   00007fd0bd5483a0 00007fd0bd549400
0x00007fd0b4d27088:   00007fd0bd5494c0 00007fd0bd548de2
0x00007fd0b4d27098:   00007fd0bd549432 00007fd0d2631508
0x00007fd0b4d270a8:   00007fd0b4d27030 0000000000000000
0x00007fd0b4d270b8:   0000000000000000 0000000000000009
0x00007fd0b4d270c8:   2e07a2f0d90bd300 0000000000000040
0x00007fd0b4d270d8:   00007fd0cc0acc90 00007fd0b4d272a0
0x00007fd0b4d270e8:   00007fd0bca04890 00007fd0b4d28930
0x00007fd0b4d270f8:   00007fd08c0c65d0 00007fd0b4d271e0
0x00007fd0b4d27108:   00007fd0d2048e36 00007fd0b4d27160
0x00007fd0b4d27118:   00007fd0cc0ab830 00007fd0884c5d80
0x00007fd0b4d27128:   00000080d206edcf 00007fd0b4d28714
0x00007fd0b4d27138:   000004b1ffffffff 0000000000000088
0x00007fd0b4d27148:   00007fd0b4d28918 00007fd0b4d28788
0x00007fd0b4d27158:   00007fd0cc0ac870 00007fd0bca04890
0x00007fd0b4d27168:   00007fd0cc0ac000 00007fd0b4d27220
0x00007fd0b4d27178:   00007fd0d1bb0458 0000000000000000
0x00007fd0b4d27188:   00007fd08c0c65d0 00007fd08c7cfbf0
0x00007fd0b4d27198:   0000000b00000014 0000000000000006
0x00007fd0b4d271a8:   2e07a2f0d90bd300 00007fd0b4d271d0
0x00007fd0b4d271b8:   00007fd0cc0ac000 00007fd0b4d28ac0
0x00007fd0b4d271c8:   00007fd0bca04890 00007fd0cc0acc90
0x00007fd0b4d271d8:   00007fd0cc006fe0 00007fd0b4d272f0 

Instructions: (pc=0x00000180000000c8)
0x00000180000000a8:   
[error occurred during error reporting (printing registers, top of stack, instructions near pc), id 0xb]

Register to memory mapping:

RAX=0x00000180000000c8 is an unknown value
RBX=0x00007fd0b4d28788 is pointing into the stack for thread: 0x00007fd0cc0ac000
RCX=0x0000000000000001 is an unknown value
RDX=0x00007fd08c7cfc80 is an unknown value
RSP=0x00007fd0b4d26fe8 is pointing into the stack for thread: 0x00007fd0cc0ac000
RBP=0x00007fd0b4d27100 is pointing into the stack for thread: 0x00007fd0cc0ac000
RSI=0x0000000000000011 is an unknown value
RDI=0x00007fd08c2e0498 is an unknown value
R8 =0x0000000000000001 is an unknown value
R9 =0x00007fd0cc0ac870 is an unknown value
R10=0x00007fd0bd549400 is at code_begin+4192 in 
[CodeBlob (0x00007fd0bd548350)]
Framesize: 0
BufferBlob (0x00007fd0bd548350) used for Compile::Fill_buffer
R11=0x00007fd09424db38 is an unknown value
R12=0x0000000000000012 is an unknown value
R13=0x00007fd0d1c17890: <offset 0x442890> in /usr/lib/jvm/java-8-openjdk/jre/lib/amd64/server/libjvm.so at 0x00007fd0d17d5000
R14=0x00007fd08c2e0498 is an unknown value
R15=0x00007fd0b4d27010 is pointing into the stack for thread: 0x00007fd0cc0ac000


Stack: [0x00007fd0b4c29000,0x00007fd0b4d2a000],  sp=0x00007fd0b4d26fe8,  free space=1015k
Native frames: (J=compiled Java code, j=interpreted, Vv=VM code, C=native code)
C  0x00000180000000c8
V  [libjvm.so+0x873e36]
V  [libjvm.so+0x3db923]
V  [libjvm.so+0x466aad]
V  [libjvm.so+0x3b61a1]
V  [libjvm.so+0x471255]
V  [libjvm.so+0x472ee7]
V  [libjvm.so+0x9f8637]
V  [libjvm.so+0x9f8a35]
V  [libjvm.so+0x8a1062]
C  [libpthread.so.0+0x7354]  start_thread+0xc4


Current CompileTask:
C2:    987 1201       4       com.android.dx.ssa.Dominators::eval (29 bytes)


---------------  P R O C E S S  ---------------

Java Threads: ( => current thread )
  0x00007fd0cc0c0000 JavaThread "Service Thread" daemon [_thread_blocked, id=8141, stack(0x00007fd0b4926000,0x00007fd0b4a27000)]
  0x00007fd0cc0b0800 JavaThread "C1 CompilerThread2" daemon [_thread_blocked, id=8140, stack(0x00007fd0b4a27000,0x00007fd0b4b28000)]
  0x00007fd0cc0af000 JavaThread "C2 CompilerThread1" daemon [_thread_blocked, id=8139, stack(0x00007fd0b4b28000,0x00007fd0b4c29000)]
=>0x00007fd0cc0ac000 JavaThread "C2 CompilerThread0" daemon [_thread_in_vm, id=8138, stack(0x00007fd0b4c29000,0x00007fd0b4d2a000)]
  0x00007fd0cc0aa000 JavaThread "Signal Dispatcher" daemon [_thread_blocked, id=8137, stack(0x00007fd0b4d2a000,0x00007fd0b4e2b000)]
  0x00007fd0cc07d000 JavaThread "Finalizer" daemon [_thread_blocked, id=8125, stack(0x00007fd0b4ff0000,0x00007fd0b50f1000)]
  0x00007fd0cc07b000 JavaThread "Reference Handler" daemon [_thread_blocked, id=8124, stack(0x00007fd0b50f1000,0x00007fd0b51f2000)]
  0x00007fd0cc008800 JavaThread "main" [_thread_in_Java, id=8118, stack(0x00007fd0d33e9000,0x00007fd0d34ea000)]

Other Threads:
  0x00007fd0cc076000 VMThread [stack: 0x00007fd0b51f2000,0x00007fd0b52f3000] [id=8123]
  0x00007fd0cc0c3000 WatcherThread [stack: 0x00007fd0b4825000,0x00007fd0b4926000] [id=8143]

VM state:not at safepoint (normal execution)

VM Mutex/Monitor currently owned by a thread:  ([mutex/lock_event])
[0x00007fd0cc006ee0] Compile_lock - owner thread: 0x00007fd0cc0ac000
[0x00007fd0cc006fe0] MethodCompileQueue_lock - owner thread: 0x00007fd0cc0ac000

Heap:
 PSYoungGen      total 32768K, used 21085K [0x00000000eab00000, 0x00000000ecd00000, 0x0000000100000000)
  eden space 30720K, 61% used [0x00000000eab00000,0x00000000ebd98e58,0x00000000ec900000)
  from space 2048K, 99% used [0x00000000ecb00000,0x00000000eccfe8b0,0x00000000ecd00000)
  to   space 2048K, 0% used [0x00000000ec900000,0x00000000ec900000,0x00000000ecb00000)
 ParOldGen       total 39936K, used 4405K [0x00000000c0000000, 0x00000000c2700000, 0x00000000eab00000)
  object space 39936K, 11% used [0x00000000c0000000,0x00000000c044d638,0x00000000c2700000)
 Metaspace       used 5590K, capacity 6896K, committed 7040K, reserved 1056768K
  class space    used 527K, capacity 616K, committed 640K, reserved 1048576K

Card table byte_map: [0x00007fd0d04b7000,0x00007fd0d06b8000] byte_map_base: 0x00007fd0cfeb7000

Marking Bits: (ParMarkBitMap*) 0x00007fd0d26f11a0
 Begin Bits: [0x00007fd0b6000000, 0x00007fd0b7000000)
 End Bits:   [0x00007fd0b7000000, 0x00007fd0b8000000)

Polling page: 0x00007fd0d3511000

CodeCache: size=245760Kb used=5402Kb max_used=5402Kb free=240357Kb
 bounds [0x00007fd0bd000000, 0x00007fd0bd550000, 0x00007fd0cc000000]
 total_blobs=1590 nmethods=1324 adapters=177
 compilation: enabled

Compilation events (10 events):
Event: 0.984 Thread 0x00007fd0cc0b0800 1334       2       com.android.dx.ssa.SsaRenamer::getLocalForNewReg (25 bytes)
Event: 0.984 Thread 0x00007fd0cc0b0800 nmethod 1334 0x00007fd0bd545950 code [0x00007fd0bd545ae0, 0x00007fd0bd545d98]
Event: 0.984 Thread 0x00007fd0cc0b0800 1335       2       com.android.dx.ssa.SsaRenamer::access$600 (6 bytes)
Event: 0.985 Thread 0x00007fd0cc0b0800 nmethod 1335 0x00007fd0bd546050 code [0x00007fd0bd5461c0, 0x00007fd0bd546368]
Event: 0.985 Thread 0x00007fd0cc0b0800 1336       2       com.android.dx.ssa.SsaRenamer::equalsHandlesNulls (23 bytes)
Event: 0.985 Thread 0x00007fd0cc0b0800 nmethod 1336 0x00007fd0bd546410 code [0x00007fd0bd546580, 0x00007fd0bd546728]
Event: 0.985 Thread 0x00007fd0cc0b0800 1331       2       com.android.dx.rop.code.LocalItem::equals (29 bytes)
Event: 0.985 Thread 0x00007fd0cc0b0800 nmethod 1331 0x00007fd0bd5467d0 code [0x00007fd0bd546960, 0x00007fd0bd546c58]
Event: 0.985 Thread 0x00007fd0cc0b0800 1339       2       com.android.dx.rop.code.Rops::opNewArray (124 bytes)
Event: 0.986 Thread 0x00007fd0cc0b0800 nmethod 1339 0x00007fd0bd54a510 code [0x00007fd0bd54a700, 0x00007fd0bd54ad28]

GC Heap History (4 events):
Event: 0.538 GC heap before
{Heap before GC invocations=1 (full 0):
 PSYoungGen      total 17408K, used 15360K [0x00000000eab00000, 0x00000000ebe00000, 0x0000000100000000)
  eden space 15360K, 100% used [0x00000000eab00000,0x00000000eba00000,0x00000000eba00000)
  from space 2048K, 0% used [0x00000000ebc00000,0x00000000ebc00000,0x00000000ebe00000)
  to   space 2048K, 0% used [0x00000000eba00000,0x00000000eba00000,0x00000000ebc00000)
 ParOldGen       total 39936K, used 0K [0x00000000c0000000, 0x00000000c2700000, 0x00000000eab00000)
  object space 39936K, 0% used [0x00000000c0000000,0x00000000c0000000,0x00000000c2700000)
 Metaspace       used 5319K, capacity 6672K, committed 6784K, reserved 1056768K
  class space    used 525K, capacity 584K, committed 640K, reserved 1048576K
Event: 0.545 GC heap after
Heap after GC invocations=1 (full 0):
 PSYoungGen      total 17408K, used 2016K [0x00000000eab00000, 0x00000000ecd00000, 0x0000000100000000)
  eden space 15360K, 0% used [0x00000000eab00000,0x00000000eab00000,0x00000000eba00000)
  from space 2048K, 98% used [0x00000000eba00000,0x00000000ebbf8020,0x00000000ebc00000)
  to   space 2048K, 0% used [0x00000000ecb00000,0x00000000ecb00000,0x00000000ecd00000)
 ParOldGen       total 39936K, used 1779K [0x00000000c0000000, 0x00000000c2700000, 0x00000000eab00000)
  object space 39936K, 4% used [0x00000000c0000000,0x00000000c01bcd20,0x00000000c2700000)
 Metaspace       used 5319K, capacity 6672K, committed 6784K, reserved 1056768K
  class space    used 525K, capacity 584K, committed 640K, reserved 1048576K
}
Event: 0.780 GC heap before
{Heap before GC invocations=2 (full 0):
 PSYoungGen      total 17408K, used 17376K [0x00000000eab00000, 0x00000000ecd00000, 0x0000000100000000)
  eden space 15360K, 100% used [0x00000000eab00000,0x00000000eba00000,0x00000000eba00000)
  from space 2048K, 98% used [0x00000000eba00000,0x00000000ebbf8020,0x00000000ebc00000)
  to   space 2048K, 0% used [0x00000000ecb00000,0x00000000ecb00000,0x00000000ecd00000)
 ParOldGen       total 39936K, used 1779K [0x00000000c0000000, 0x00000000c2700000, 0x00000000eab00000)
  object space 39936K, 4% used [0x00000000c0000000,0x00000000c01bcd20,0x00000000c2700000)
 Metaspace       used 5479K, capacity 6800K, committed 7040K, reserved 1056768K
  class space    used 525K, capacity 584K, committed 640K, reserved 1048576K
Event: 0.788 GC heap after
Heap after GC invocations=2 (full 0):
 PSYoungGen      total 32768K, used 2042K [0x00000000eab00000, 0x00000000ecd00000, 0x0000000100000000)
  eden space 30720K, 0% used [0x00000000eab00000,0x00000000eab00000,0x00000000ec900000)
  from space 2048K, 99% used [0x00000000ecb00000,0x00000000eccfe8b0,0x00000000ecd00000)
  to   space 2048K, 0% used [0x00000000ec900000,0x00000000ec900000,0x00000000ecb00000)
 ParOldGen       total 39936K, used 4405K [0x00000000c0000000, 0x00000000c2700000, 0x00000000eab00000)
  object space 39936K, 11% used [0x00000000c0000000,0x00000000c044d638,0x00000000c2700000)
 Metaspace       used 5479K, capacity 6800K, committed 7040K, reserved 1056768K
  class space    used 525K, capacity 584K, committed 640K, reserved 1048576K
}

Deoptimization events (10 events):
Event: 0.682 Thread 0x00007fd0cc008800 Uncommon trap: reason=unstable_if action=reinterpret pc=0x00007fd0bd28fd70 method=java.util.HashMap.getNode(ILjava/lang/Object;)Ljava/util/HashMap$Node; @ 129
Event: 0.682 Thread 0x00007fd0cc008800 Uncommon trap: reason=unstable_if action=reinterpret pc=0x00007fd0bd230ab8 method=java.util.HashMap.getNode(ILjava/lang/Object;)Ljava/util/HashMap$Node; @ 129
Event: 0.683 Thread 0x00007fd0cc008800 Uncommon trap: reason=unstable_if action=reinterpret pc=0x00007fd0bd2573a4 method=java.util.HashMap.getNode(ILjava/lang/Object;)Ljava/util/HashMap$Node; @ 129
Event: 0.963 Thread 0x00007fd0cc008800 Uncommon trap: reason=unstable_if action=reinterpret pc=0x00007fd0bd483080 method=com.android.dx.rop.code.RegisterSpec.equals(ILcom/android/dx/rop/type/TypeBearer;Lcom/android/dx/rop/code/LocalItem;)Z @ 24
Event: 0.967 Thread 0x00007fd0cc008800 Uncommon trap: reason=unstable_if action=reinterpret pc=0x00007fd0bd46a9e4 method=com.android.dx.rop.code.RegisterSpec.equals(ILcom/android/dx/rop/type/TypeBearer;Lcom/android/dx/rop/code/LocalItem;)Z @ 24
Event: 0.971 Thread 0x00007fd0cc008800 Uncommon trap: reason=unloaded action=reinterpret pc=0x00007fd0bd2cfaf4 method=com.android.dx.ssa.SsaRenamer$BlockRenamer.visitMoveInsn(Lcom/android/dx/ssa/NormalSsaInsn;)V @ 208
Event: 0.973 Thread 0x00007fd0cc008800 Uncommon trap: reason=unstable_if action=reinterpret pc=0x00007fd0bd308db8 method=com.android.dx.ssa.NormalSsaInsn.getLocalAssignment()Lcom/android/dx/rop/code/RegisterSpec; @ 12
Event: 0.973 Thread 0x00007fd0cc008800 Uncommon trap: reason=unstable_if action=reinterpret pc=0x00007fd0bd2c482c method=com.android.dx.ssa.NormalSsaInsn.getLocalAssignment()Lcom/android/dx/rop/code/RegisterSpec; @ 12
Event: 0.973 Thread 0x00007fd0cc008800 Uncommon trap: reason=unstable_if action=reinterpret pc=0x00007fd0bd2c2c50 method=com.android.dx.ssa.NormalSsaInsn.getLocalAssignment()Lcom/android/dx/rop/code/RegisterSpec; @ 12
Event: 0.977 Thread 0x00007fd0cc008800 Uncommon trap: reason=unstable_if action=reinterpret pc=0x00007fd0bd26a350 method=com.android.dx.rop.code.RegisterSpec.equals(ILcom/android/dx/rop/type/TypeBearer;Lcom/android/dx/rop/code/LocalItem;)Z @ 24

Internal exceptions (2 events):
Event: 0.017 Thread 0x00007fd0cc008800 Exception <a 'java/lang/NoSuchMethodError': Method sun.misc.Unsafe.defineClass(Ljava/lang/String;[BII)Ljava/lang/Class; name or signature does not match> (0x00000000eab12910) thrown at [/build/java8-openjdk/src/jdk8u-jdk8u51-b16/hotspot/src/share/vm/prims
Event: 0.017 Thread 0x00007fd0cc008800 Exception <a 'java/lang/NoSuchMethodError': Method sun.misc.Unsafe.prefetchRead(Ljava/lang/Object;J)V name or signature does not match> (0x00000000eab12ba0) thrown at [/build/java8-openjdk/src/jdk8u-jdk8u51-b16/hotspot/src/share/vm/prims/jni.cpp, line 399

Events (10 events):
Event: 0.973 Thread 0x00007fd0cc008800 DEOPT UNPACKING pc=0x00007fd0bd004f69 sp=0x00007fd0d34e7708 mode 2
Event: 0.973 Thread 0x00007fd0cc008800 Uncommon trap: trap_request=0xffffff65 fr.pc=0x00007fd0bd2c482c
Event: 0.973 Thread 0x00007fd0cc008800 DEOPT PACKING pc=0x00007fd0bd2c482c sp=0x00007fd0d34e7930
Event: 0.973 Thread 0x00007fd0cc008800 DEOPT UNPACKING pc=0x00007fd0bd004f69 sp=0x00007fd0d34e7870 mode 2
Event: 0.973 Thread 0x00007fd0cc008800 Uncommon trap: trap_request=0xffffff65 fr.pc=0x00007fd0bd2c2c50
Event: 0.973 Thread 0x00007fd0cc008800 DEOPT PACKING pc=0x00007fd0bd2c2c50 sp=0x00007fd0d34e78b0
Event: 0.973 Thread 0x00007fd0cc008800 DEOPT UNPACKING pc=0x00007fd0bd004f69 sp=0x00007fd0d34e7860 mode 2
Event: 0.977 Thread 0x00007fd0cc008800 Uncommon trap: trap_request=0xffffff65 fr.pc=0x00007fd0bd26a350
Event: 0.977 Thread 0x00007fd0cc008800 DEOPT PACKING pc=0x00007fd0bd26a350 sp=0x00007fd0d34e78e0
Event: 0.977 Thread 0x00007fd0cc008800 DEOPT UNPACKING pc=0x00007fd0bd004f69 sp=0x00007fd0d34e7890 mode 2


Dynamic libraries:
00400000-00401000 r-xp 00000000 08:09 22677337                           /usr/lib/jvm/java-8-openjdk/jre/bin/java
00600000-00601000 rw-p 00000000 08:09 22677337                           /usr/lib/jvm/java-8-openjdk/jre/bin/java
01aec000-01b0d000 rw-p 00000000 00:00 0                                  [heap]
c0000000-c2700000 rw-p 00000000 00:00 0 
c2700000-eab00000 ---p 00000000 00:00 0 
eab00000-ecd00000 rw-p 00000000 00:00 0 
ecd00000-100000000 ---p 00000000 00:00 0 
100000000-1000a0000 rw-p 00000000 00:00 0 
1000a0000-140000000 ---p 00000000 00:00 0 
7fd080000000-7fd080021000 rw-p 00000000 00:00 0 
7fd080021000-7fd084000000 ---p 00000000 00:00 0 
7fd084000000-7fd084021000 rw-p 00000000 00:00 0 
7fd084021000-7fd088000000 ---p 00000000 00:00 0 
7fd088000000-7fd0886d4000 rw-p 00000000 00:00 0 
7fd0886d4000-7fd08c000000 ---p 00000000 00:00 0 
7fd08c000000-7fd08c7f6000 rw-p 00000000 00:00 0 
7fd08c7f6000-7fd090000000 ---p 00000000 00:00 0 
7fd090000000-7fd090021000 rw-p 00000000 00:00 0 
7fd090021000-7fd094000000 ---p 00000000 00:00 0 
7fd094000000-7fd0945a3000 rw-p 00000000 00:00 0 
7fd0945a3000-7fd098000000 ---p 00000000 00:00 0 
7fd098000000-7fd098021000 rw-p 00000000 00:00 0 
7fd098021000-7fd09c000000 ---p 00000000 00:00 0 
7fd09c000000-7fd09c021000 rw-p 00000000 00:00 0 
7fd09c021000-7fd0a0000000 ---p 00000000 00:00 0 
7fd0a0000000-7fd0a0021000 rw-p 00000000 00:00 0 
7fd0a0021000-7fd0a4000000 ---p 00000000 00:00 0 
7fd0a4000000-7fd0a4021000 rw-p 00000000 00:00 0 
7fd0a4021000-7fd0a8000000 ---p 00000000 00:00 0 
7fd0a8000000-7fd0a8021000 rw-p 00000000 00:00 0 
7fd0a8021000-7fd0ac000000 ---p 00000000 00:00 0 
7fd0b0000000-7fd0b0021000 rw-p 00000000 00:00 0 
7fd0b0021000-7fd0b4000000 ---p 00000000 00:00 0 
7fd0b4825000-7fd0b4826000 ---p 00000000 00:00 0 
7fd0b4826000-7fd0b4926000 rw-p 00000000 00:00 0                          [stack:8143]
7fd0b4926000-7fd0b4929000 ---p 00000000 00:00 0 
7fd0b4929000-7fd0b4a27000 rw-p 00000000 00:00 0                          [stack:8141]
7fd0b4a27000-7fd0b4a2a000 ---p 00000000 00:00 0 
7fd0b4a2a000-7fd0b4b28000 rw-p 00000000 00:00 0                          [stack:8140]
7fd0b4b28000-7fd0b4b2b000 ---p 00000000 00:00 0 
7fd0b4b2b000-7fd0b4c29000 rw-p 00000000 00:00 0                          [stack:8139]
7fd0b4c29000-7fd0b4c2c000 ---p 00000000 00:00 0 
7fd0b4c2c000-7fd0b4d2a000 rw-p 00000000 00:00 0                          [stack:8138]
7fd0b4d2a000-7fd0b4d2d000 ---p 00000000 00:00 0 
7fd0b4d2d000-7fd0b4e2b000 rw-p 00000000 00:00 0                          [stack:8137]
7fd0b4e2b000-7fd0b4ff0000 r--p 00000000 08:09 21789407                   /usr/lib/locale/locale-archive
7fd0b4ff0000-7fd0b4ff3000 ---p 00000000 00:00 0 
7fd0b4ff3000-7fd0b50f1000 rw-p 00000000 00:00 0                          [stack:8125]
7fd0b50f1000-7fd0b50f4000 ---p 00000000 00:00 0 
7fd0b50f4000-7fd0b51f2000 rw-p 00000000 00:00 0                          [stack:8124]
7fd0b51f2000-7fd0b51f3000 ---p 00000000 00:00 0 
7fd0b51f3000-7fd0b8000000 rw-p 00000000 00:00 0                          [stack:8123]
7fd0b8000000-7fd0b8021000 rw-p 00000000 00:00 0 
7fd0b8021000-7fd0bc000000 ---p 00000000 00:00 0 
7fd0bc057000-7fd0bc2bc000 rw-p 00000000 00:00 0 
7fd0bc2bc000-7fd0bc489000 r--s 03bd6000 08:09 22677247                   /usr/lib/jvm/java-8-openjdk/jre/lib/rt.jar
7fd0bc489000-7fd0bcb3f000 rw-p 00000000 00:00 0 
7fd0bcb3f000-7fd0bccff000 ---p 00000000 00:00 0 
7fd0bccff000-7fd0bceff000 rw-p 00000000 00:00 0 
7fd0bceff000-7fd0bcf00000 ---p 00000000 00:00 0 
7fd0bcf00000-7fd0bd000000 rw-p 00000000 00:00 0                          [stack:8122]
7fd0bd000000-7fd0bd550000 rwxp 00000000 00:00 0 
7fd0bd550000-7fd0cc000000 ---p 00000000 00:00 0 
7fd0cc000000-7fd0cc1e3000 rw-p 00000000 00:00 0 
7fd0cc1e3000-7fd0d0000000 ---p 00000000 00:00 0 
7fd0d000d000-7fd0d001c000 r--s 000dd000 08:09 11667814                   /home/tribeirom/.usr/apps/android-sdk/build-tools/21.1.2/lib/dx.jar
7fd0d001c000-7fd0d005e000 rw-p 00000000 00:00 0 
7fd0d005e000-7fd0d005f000 ---p 00000000 00:00 0 
7fd0d005f000-7fd0d015f000 rw-p 00000000 00:00 0                          [stack:8121]
7fd0d015f000-7fd0d0160000 ---p 00000000 00:00 0 
7fd0d0160000-7fd0d0260000 rw-p 00000000 00:00 0                          [stack:8120]
7fd0d0260000-7fd0d0261000 ---p 00000000 00:00 0 
7fd0d0261000-7fd0d0375000 rw-p 00000000 00:00 0                          [stack:8119]
7fd0d0375000-7fd0d04b7000 ---p 00000000 00:00 0 
7fd0d04b7000-7fd0d04cb000 rw-p 00000000 00:00 0 
7fd0d04cb000-7fd0d060c000 ---p 00000000 00:00 0 
7fd0d060c000-7fd0d061e000 rw-p 00000000 00:00 0 
7fd0d061e000-7fd0d06b7000 ---p 00000000 00:00 0 
7fd0d06b7000-7fd0d06ce000 rw-p 00000000 00:00 0 
7fd0d06ce000-7fd0d0a78000 ---p 00000000 00:00 0 
7fd0d0a78000-7fd0d0a80000 r-xp 00000000 08:09 22677305                   /usr/lib/jvm/java-8-openjdk/jre/lib/amd64/libzip.so
7fd0d0a80000-7fd0d0c7f000 ---p 00008000 08:09 22677305                   /usr/lib/jvm/java-8-openjdk/jre/lib/amd64/libzip.so
7fd0d0c7f000-7fd0d0c80000 rw-p 00007000 08:09 22677305                   /usr/lib/jvm/java-8-openjdk/jre/lib/amd64/libzip.so
7fd0d0c80000-7fd0d0c8b000 r-xp 00000000 08:09 21761119                   /usr/lib/libnss_files-2.21.so
7fd0d0c8b000-7fd0d0e8b000 ---p 0000b000 08:09 21761119                   /usr/lib/libnss_files-2.21.so
7fd0d0e8b000-7fd0d0e8c000 r--p 0000b000 08:09 21761119                   /usr/lib/libnss_files-2.21.so
7fd0d0e8c000-7fd0d0e8d000 rw-p 0000c000 08:09 21761119                   /usr/lib/libnss_files-2.21.so
7fd0d0e8d000-7fd0d0eb9000 r-xp 00000000 08:09 22677304                   /usr/lib/jvm/java-8-openjdk/jre/lib/amd64/libjava.so
7fd0d0eb9000-7fd0d10b9000 ---p 0002c000 08:09 22677304                   /usr/lib/jvm/java-8-openjdk/jre/lib/amd64/libjava.so
7fd0d10b9000-7fd0d10bb000 rw-p 0002c000 08:09 22677304                   /usr/lib/jvm/java-8-openjdk/jre/lib/amd64/libjava.so
7fd0d10bb000-7fd0d10c8000 r-xp 00000000 08:09 22677296                   /usr/lib/jvm/java-8-openjdk/jre/lib/amd64/libverify.so
7fd0d10c8000-7fd0d12c7000 ---p 0000d000 08:09 22677296                   /usr/lib/jvm/java-8-openjdk/jre/lib/amd64/libverify.so
7fd0d12c7000-7fd0d12c9000 rw-p 0000c000 08:09 22677296                   /usr/lib/jvm/java-8-openjdk/jre/lib/amd64/libverify.so
7fd0d12c9000-7fd0d12d0000 r-xp 00000000 08:09 21761162                   /usr/lib/librt-2.21.so
7fd0d12d0000-7fd0d14cf000 ---p 00007000 08:09 21761162                   /usr/lib/librt-2.21.so
7fd0d14cf000-7fd0d14d0000 r--p 00006000 08:09 21761162                   /usr/lib/librt-2.21.so
7fd0d14d0000-7fd0d14d1000 rw-p 00007000 08:09 21761162                   /usr/lib/librt-2.21.so
7fd0d14d1000-7fd0d15d4000 r-xp 00000000 08:09 21761202                   /usr/lib/libm-2.21.so
7fd0d15d4000-7fd0d17d3000 ---p 00103000 08:09 21761202                   /usr/lib/libm-2.21.so
7fd0d17d3000-7fd0d17d4000 r--p 00102000 08:09 21761202                   /usr/lib/libm-2.21.so
7fd0d17d4000-7fd0d17d5000 rw-p 00103000 08:09 21761202                   /usr/lib/libm-2.21.so
7fd0d17d5000-7fd0d2423000 r-xp 00000000 08:09 22677328                   /usr/lib/jvm/java-8-openjdk/jre/lib/amd64/server/libjvm.so
7fd0d2423000-7fd0d2622000 ---p 00c4e000 08:09 22677328                   /usr/lib/jvm/java-8-openjdk/jre/lib/amd64/server/libjvm.so
7fd0d2622000-7fd0d26de000 rw-p 00c4d000 08:09 22677328                   /usr/lib/jvm/java-8-openjdk/jre/lib/amd64/server/libjvm.so
7fd0d26de000-7fd0d270c000 rw-p 00000000 00:00 0 
7fd0d270c000-7fd0d28a5000 r-xp 00000000 08:09 21761134                   /usr/lib/libc-2.21.so
7fd0d28a5000-7fd0d2aa4000 ---p 00199000 08:09 21761134                   /usr/lib/libc-2.21.so
7fd0d2aa4000-7fd0d2aa8000 r--p 00198000 08:09 21761134                   /usr/lib/libc-2.21.so
7fd0d2aa8000-7fd0d2aaa000 rw-p 0019c000 08:09 21761134                   /usr/lib/libc-2.21.so
7fd0d2aaa000-7fd0d2aae000 rw-p 00000000 00:00 0 
7fd0d2aae000-7fd0d2ab1000 r-xp 00000000 08:09 21761176                   /usr/lib/libdl-2.21.so
7fd0d2ab1000-7fd0d2cb0000 ---p 00003000 08:09 21761176                   /usr/lib/libdl-2.21.so
7fd0d2cb0000-7fd0d2cb1000 r--p 00002000 08:09 21761176                   /usr/lib/libdl-2.21.so
7fd0d2cb1000-7fd0d2cb2000 rw-p 00003000 08:09 21761176                   /usr/lib/libdl-2.21.so
7fd0d2cb2000-7fd0d2cbf000 r-xp 00000000 08:09 22677325                   /usr/lib/jvm/java-8-openjdk/jre/lib/amd64/jli/libjli.so
7fd0d2cbf000-7fd0d2ebe000 ---p 0000d000 08:09 22677325                   /usr/lib/jvm/java-8-openjdk/jre/lib/amd64/jli/libjli.so
7fd0d2ebe000-7fd0d2ebf000 rw-p 0000c000 08:09 22677325                   /usr/lib/jvm/java-8-openjdk/jre/lib/amd64/jli/libjli.so
7fd0d2ebf000-7fd0d2ed4000 r-xp 00000000 08:09 21764213                   /usr/lib/libz.so.1.2.8
7fd0d2ed4000-7fd0d30d3000 ---p 00015000 08:09 21764213                   /usr/lib/libz.so.1.2.8
7fd0d30d3000-7fd0d30d4000 r--p 00014000 08:09 21764213                   /usr/lib/libz.so.1.2.8
7fd0d30d4000-7fd0d30d5000 rw-p 00015000 08:09 21764213                   /usr/lib/libz.so.1.2.8
7fd0d30d5000-7fd0d30ed000 r-xp 00000000 08:09 21761161                   /usr/lib/libpthread-2.21.so
7fd0d30ed000-7fd0d32ec000 ---p 00018000 08:09 21761161                   /usr/lib/libpthread-2.21.so
7fd0d32ec000-7fd0d32ed000 r--p 00017000 08:09 21761161                   /usr/lib/libpthread-2.21.so
7fd0d32ed000-7fd0d32ee000 rw-p 00018000 08:09 21761161                   /usr/lib/libpthread-2.21.so
7fd0d32ee000-7fd0d32f2000 rw-p 00000000 00:00 0 
7fd0d32f2000-7fd0d3314000 r-xp 00000000 08:09 21761197                   /usr/lib/ld-2.21.so
7fd0d3319000-7fd0d33e9000 rw-p 00000000 00:00 0 
7fd0d33e9000-7fd0d33ec000 ---p 00000000 00:00 0 
7fd0d33ec000-7fd0d34ee000 rw-p 00000000 00:00 0                          [stack:8118]
7fd0d34f2000-7fd0d3508000 rw-p 00000000 00:00 0 
7fd0d3508000-7fd0d3510000 rw-s 00000000 00:21 4043077                    /tmp/hsperfdata_tribeirom/8114
7fd0d3510000-7fd0d3511000 rw-p 00000000 00:00 0 
7fd0d3511000-7fd0d3512000 r--p 00000000 00:00 0 
7fd0d3512000-7fd0d3513000 rw-p 00000000 00:00 0 
7fd0d3513000-7fd0d3514000 r--p 00021000 08:09 21761197                   /usr/lib/ld-2.21.so
7fd0d3514000-7fd0d3515000 rw-p 00022000 08:09 21761197                   /usr/lib/ld-2.21.so
7fd0d3515000-7fd0d3516000 rw-p 00000000 00:00 0 
7fff06154000-7fff06175000 rw-p 00000000 00:00 0                          [stack]
7fff061d7000-7fff061d9000 r--p 00000000 00:00 0                          [vvar]
7fff061d9000-7fff061db000 r-xp 00000000 00:00 0                          [vdso]
ffffffffff600000-ffffffffff601000 r-xp 00000000 00:00 0                  [vsyscall]

VM Arguments:
jvm_args: -Djava.awt.headless=true -Xmx1024M -Dfile.encoding=US-ASCII -Duser.country=US -Duser.language=en -Duser.variant 
java_command: com.android.dx.command.Main --dex --output /home/tribeirom/Docs/devel/FoodRestrictionApp/app/build/intermediates/pre-dexed/debug/main_ddafd061f3aa60a44ff06ef51c425c8875dbfb24.jar /home/tribeirom/Docs/devel/FoodRestrictionApp/app/build/intermediates/transforms/instantRun/debug/folders/1/5/main
java_class_path (initial): /home/tribeirom/.usr/apps/android-sdk/build-tools/21.1.2/lib/dx.jar
Launcher Type: SUN_STANDARD

Environment Variables:
PATH=/usr/local/sbin:/usr/local/bin:/usr/bin:/usr/lib/jvm/default/bin:/usr/bin/site_perl:/usr/bin/vendor_perl:/usr/bin/core_perl:/home/tribeirom/.usr/bin:/home/tribeirom/.usr/apps/android-sdk/platform-tools:/home/tribeirom/.usr/apps/android-sdk/tools
LD_LIBRARY_PATH=/home/tribeirom/.usr/apps/android-studio/bin:
SHELL=/bin/bash
DISPLAY=:0.0

Signal Handlers:
SIGSEGV: [libjvm.so+0xa54fa0], sa_mask[0]=11111111011111111101111111111110, sa_flags=SA_RESTART|SA_SIGINFO
SIGBUS: [libjvm.so+0xa54fa0], sa_mask[0]=11111111011111111101111111111110, sa_flags=SA_RESTART|SA_SIGINFO
SIGFPE: [libjvm.so+0x89f1b0], sa_mask[0]=11111111011111111101111111111110, sa_flags=SA_RESTART|SA_SIGINFO
SIGPIPE: [libjvm.so+0x89f1b0], sa_mask[0]=11111111011111111101111111111110, sa_flags=SA_RESTART|SA_SIGINFO
SIGXFSZ: [libjvm.so+0x89f1b0], sa_mask[0]=11111111011111111101111111111110, sa_flags=SA_RESTART|SA_SIGINFO
SIGILL: [libjvm.so+0x89f1b0], sa_mask[0]=11111111011111111101111111111110, sa_flags=SA_RESTART|SA_SIGINFO
SIGUSR1: SIG_DFL, sa_mask[0]=00000000000000000000000000000000, sa_flags=none
SIGUSR2: [libjvm.so+0x89f060], sa_mask[0]=00100000000000000000000000000000, sa_flags=SA_RESTART|SA_SIGINFO
SIGHUP: [libjvm.so+0x89f530], sa_mask[0]=11111111011111111101111111111110, sa_flags=SA_RESTART|SA_SIGINFO
SIGINT: [libjvm.so+0x89f530], sa_mask[0]=11111111011111111101111111111110, sa_flags=SA_RESTART|SA_SIGINFO
SIGTERM: [libjvm.so+0x89f530], sa_mask[0]=11111111011111111101111111111110, sa_flags=SA_RESTART|SA_SIGINFO
SIGQUIT: [libjvm.so+0x89f530], sa_mask[0]=11111111011111111101111111111110, sa_flags=SA_RESTART|SA_SIGINFO


---------------  S Y S T E M  ---------------

OS:NAME="Arch Linux"
ID=arch
PRETTY_NAME="Arch Linux"
ANSI_COLOR="0;36"
HOME_URL="https://www.archlinux.org/"
SUPPORT_URL="https://bbs.archlinux.org/"
BUG_REPORT_URL="https://bugs.archlinux.org/"


uname:Linux 4.1.2-2-ARCH #1 SMP PREEMPT Wed Jul 15 08:30:32 UTC 2015 x86_64
libc:glibc 2.21 NPTL 2.21 
rlimit: STACK 8192k, CORE 0k, NPROC 13875, NOFILE 4096, AS infinity
load average:0.45 0.43 0.47

/proc/meminfo:
MemTotal:        3748176 kB
MemFree:          368680 kB
MemAvailable:    1109244 kB
Buffers:           60636 kB
Cached:           697388 kB
SwapCached:        17064 kB
Active:          2362720 kB
Inactive:         837008 kB
Active(anon):    1913448 kB
Inactive(anon):   600600 kB
Active(file):     449272 kB
Inactive(file):   236408 kB
Unevictable:           0 kB
Mlocked:               0 kB
SwapTotal:      10485756 kB
SwapFree:       10421948 kB
Dirty:             14688 kB
Writeback:             0 kB
AnonPages:       2429452 kB
Mapped:           165328 kB
Shmem:             72344 kB
Slab:             106908 kB
SReclaimable:      83492 kB
SUnreclaim:        23416 kB
KernelStack:        4912 kB
PageTables:        10648 kB
NFS_Unstable:          0 kB
Bounce:                0 kB
WritebackTmp:          0 kB
CommitLimit:    12359844 kB
Committed_AS:    3267368 kB
VmallocTotal:   34359738367 kB
VmallocUsed:      387400 kB
VmallocChunk:   34358947836 kB
HardwareCorrupted:     0 kB
AnonHugePages:   1452032 kB
HugePages_Total:       0
HugePages_Free:        0
HugePages_Rsvd:        0
HugePages_Surp:        0
Hugepagesize:       2048 kB
DirectMap4k:      110516 kB
DirectMap2M:     3778560 kB


CPU:total 4 (2 cores per cpu, 2 threads per core) family 6 model 58 stepping 9, cmov, cx8, fxsr, mmx, sse, sse2, sse3, ssse3, sse4.1, sse4.2, popcnt, avx, clmul, erms, ht, tsc, tscinvbit, tscinv

/proc/cpuinfo:
processor	: 0
vendor_id	: GenuineIntel
cpu family	: 6
model		: 58
model name	: Intel(R) Core(TM) i5-3230M CPU @ 2.60GHz
stepping	: 9
microcode	: 0x17
cpu MHz		: 2986.445
cache size	: 3072 KB
physical id	: 0
siblings	: 4
core id		: 0
cpu cores	: 2
apicid		: 0
initial apicid	: 0
fpu		: yes
fpu_exception	: yes
cpuid level	: 13
wp		: yes
flags		: fpu vme de pse tsc msr pae mce cx8 apic sep mtrr pge mca cmov pat pse36 clflush dts acpi mmx fxsr sse sse2 ss ht tm pbe syscall nx rdtscp lm constant_tsc arch_perfmon pebs bts rep_good nopl xtopology nonstop_tsc aperfmperf eagerfpu pni pclmulqdq dtes64 monitor ds_cpl vmx est tm2 ssse3 cx16 xtpr pdcm pcid sse4_1 sse4_2 x2apic popcnt tsc_deadline_timer xsave avx f16c rdrand lahf_lm ida arat epb pln pts dtherm tpr_shadow vnmi flexpriority ept vpid fsgsbase smep erms xsaveopt
bugs		:
bogomips	: 5190.29
clflush size	: 64
cache_alignment	: 64
address sizes	: 36 bits physical, 48 bits virtual
power management:

processor	: 1
vendor_id	: GenuineIntel
cpu family	: 6
model		: 58
model name	: Intel(R) Core(TM) i5-3230M CPU @ 2.60GHz
stepping	: 9
microcode	: 0x17
cpu MHz		: 3000.562
cache size	: 3072 KB
physical id	: 0
siblings	: 4
core id		: 0
cpu cores	: 2
apicid		: 1
initial apicid	: 1
fpu		: yes
fpu_exception	: yes
cpuid level	: 13
wp		: yes
flags		: fpu vme de pse tsc msr pae mce cx8 apic sep mtrr pge mca cmov pat pse36 clflush dts acpi mmx fxsr sse sse2 ss ht tm pbe syscall nx rdtscp lm constant_tsc arch_perfmon pebs bts rep_good nopl xtopology nonstop_tsc aperfmperf eagerfpu pni pclmulqdq dtes64 monitor ds_cpl vmx est tm2 ssse3 cx16 xtpr pdcm pcid sse4_1 sse4_2 x2apic popcnt tsc_deadline_timer xsave avx f16c rdrand lahf_lm ida arat epb pln pts dtherm tpr_shadow vnmi flexpriority ept vpid fsgsbase smep erms xsaveopt
bugs		:
bogomips	: 5190.29
clflush size	: 64
cache_alignment	: 64
address sizes	: 36 bits physical, 48 bits virtual
power management:

processor	: 2
vendor_id	: GenuineIntel
cpu family	: 6
model		: 58
model name	: Intel(R) Core(TM) i5-3230M CPU @ 2.60GHz
stepping	: 9
microcode	: 0x17
cpu MHz		: 2988.476
cache size	: 3072 KB
physical id	: 0
siblings	: 4
core id		: 1
cpu cores	: 2
apicid		: 2
initial apicid	: 2
fpu		: yes
fpu_exception	: yes
cpuid level	: 13
wp		: yes
flags		: fpu vme de pse tsc msr pae mce cx8 apic sep mtrr pge mca cmov pat pse36 clflush dts acpi mmx fxsr sse sse2 ss ht tm pbe syscall nx rdtscp lm constant_tsc arch_perfmon pebs bts rep_good nopl xtopology nonstop_tsc aperfmperf eagerfpu pni pclmulqdq dtes64 monitor ds_cpl vmx est tm2 ssse3 cx16 xtpr pdcm pcid sse4_1 sse4_2 x2apic popcnt tsc_deadline_timer xsave avx f16c rdrand lahf_lm ida arat epb pln pts dtherm tpr_shadow vnmi flexpriority ept vpid fsgsbase smep erms xsaveopt
bugs		:
bogomips	: 5190.29
clflush size	: 64
cache_alignment	: 64
address sizes	: 36 bits physical, 48 bits virtual
power management:

processor	: 3
vendor_id	: GenuineIntel
cpu family	: 6
model		: 58
model name	: Intel(R) Core(TM) i5-3230M CPU @ 2.60GHz
stepping	: 9
microcode	: 0x17
cpu MHz		: 2999.953
cache size	: 3072 KB
physical id	: 0
siblings	: 4
core id		: 1
cpu cores	: 2
apicid		: 3
initial apicid	: 3
fpu		: yes
fpu_exception	: yes
cpuid level	: 13
wp		: yes
flags		: fpu vme de pse tsc msr pae mce cx8 apic sep mtrr pge mca cmov pat pse36 clflush dts acpi mmx fxsr sse sse2 ss ht tm pbe syscall nx rdtscp lm constant_tsc arch_perfmon pebs bts rep_good nopl xtopology nonstop_tsc aperfmperf eagerfpu pni pclmulqdq dtes64 monitor ds_cpl vmx est tm2 ssse3 cx16 xtpr pdcm pcid sse4_1 sse4_2 x2apic popcnt tsc_deadline_timer xsave avx f16c rdrand lahf_lm ida arat epb pln pts dtherm tpr_shadow vnmi flexpriority ept vpid fsgsbase smep erms xsaveopt
bugs		:
bogomips	: 5190.29
clflush size	: 64
cache_alignment	: 64
address sizes	: 36 bits physical, 48 bits virtual
power management:



Memory: 4k page, physical 3748176k(368680k free), swap 10485756k(10421948k free)

vm_info: OpenJDK 64-Bit Server VM (25.51-b03) for linux-amd64 JRE (1.8.0_51-b16), built on Jul 19 2015 18:29:37 by "builduser" with gcc 5.1.0

time: Thu Dec 31 19:56:00 2015
elapsed time: 1 seconds (0d 0h 0m 1s)

