#
# A fatal error has been detected by the Java Runtime Environment:
#
#  SIGSEGV (0xb) at pc=0x00007f0d38cfaf74, pid=8345, tid=139694278153984
#
# JRE version: OpenJDK Runtime Environment (8.0_51-b16) (build 1.8.0_51-b16)
# Java VM: OpenJDK 64-Bit Server VM (25.51-b03 mixed mode linux-amd64 compressed oops)
# Problematic frame:
# V  [libjvm.so+0x45af74]
#
# Failed to write core dump. Core dumps have been disabled. To enable core dumping, try "ulimit -c unlimited" before starting Java again
#
# If you would like to submit a bug report, please visit:
#   http://bugreport.java.com/bugreport/crash.jsp
#

---------------  T H R E A D  ---------------

Current thread (0x00007f0d340af000):  JavaThread "C2 CompilerThread1" daemon [_thread_in_native, id=8370, stack(0x00007f0d1bc39000,0x00007f0d1bd3a000)]

siginfo: si_signo: 11 (SIGSEGV), si_code: 1 (SEGV_MAPERR), si_addr: 0x00007f0ce83faab0

Registers:
RAX=0x00007f0cf83fb058, RBX=0x0000000000000008, RCX=0x00007f0cf84c545c, RDX=0x0000000000020000
RSP=0x00007f0d1bd352a0, RBP=0x00007f0d1bd35360, RSI=0x000000000012e800, RDI=0x00007f0cf4172ee0
R8 =0x00007f0cf84c57b0, R9 =0x0000000000000000, R10=0x00007f0cf80cfb78, R11=0x0000000000000000
R12=0x00007f0cf83fb020, R13=0x0000000000000010, R14=0x000000000000036d, R15=0x00007f0ce83faab0
RIP=0x00007f0d38cfaf74, EFLAGS=0x0000000000010246, CSGSFS=0x002b000000000033, ERR=0x0000000000000004
  TRAPNO=0x000000000000000e

Top of Stack: (sp=0x00007f0d1bd352a0)
0x00007f0d1bd352a0:   00007f0cf80cf980 00007f0d1bd36898
0x00007f0d1bd352b0:   00007f0d1bd36878 00007f0d1bd36800
0x00007f0d1bd352c0:   00007f0d1bd35e80 00007f0d1bd352e0
0x00007f0d1bd352d0:   00007f0d1bd35300 0000040000000000
0x00007f0d1bd352e0:   00007f0d3401a950 00007f0d00000800
0x00007f0d1bd352f0:   00007f0cf84c57b0 00007f0d00000645
0x00007f0d1bd35300:   00007f0d3977f3f8 00007f0d3401a950
0x00007f0d1bd35310:   00007f0d00000200 00007f0cf84c4fb0
0x00007f0d1bd35320:   0000000000000000 bebecb6f51161a00
0x00007f0d1bd35330:   00007f0cf81b9cd0 00007f0d1bd35e80
0x00007f0d1bd35340:   00007f0d1bd37f88 00007f0d1bd353c0
0x00007f0d1bd35350:   00007f0d1bd37f80 00007f0d1bd37f80
0x00007f0d1bd35360:   00007f0d1bd37340 00007f0d38d0586b
0x00007f0d1bd35370:   00007f0cf83fd380 00007f0cf405a130
0x00007f0d1bd35380:   0000000000000001 00007f0cf83fd380
0x00007f0d1bd35390:   00007f0d3401a950 00007f0cf8370460
0x00007f0d1bd353a0:   00007f0cf8375c10 00007f0cf8378448
0x00007f0d1bd353b0:   00000000000302e8 00007f0cf81cc6d0
0x00007f0d1bd353c0:   00007f0d1bd30000 0000000000000000
0x00007f0d1bd353d0:   00000000f8398c80 00007f0cf405a100
0x00007f0d1bd353e0:   00007f0cf83fcd80 00007f0d1bd37f80
0x00007f0d1bd353f0:   0000000000000000 00007f0d39343e3e
0x00007f0d1bd35400:   00007f0d1bd37501 00007f0cf83fd5d0
0x00007f0d1bd35410:   0000000000012d98 00007f0cf83fd5d0
0x00007f0d1bd35420:   00007f0d1bd35450 00007f0d1bd358d0
0x00007f0d1bd35430:   00007f0cf83fd5d0 00007f0d39194400
0x00007f0d1bd35440:   00007f0d1bd37510 00007f0cf83fd5d0
0x00007f0d1bd35450:   00007f0d1bd354b0 00007f0d38e6ca1a
0x00007f0d1bd35460:   00007f0d1bd37510 00007f0d3911c34f
0x00007f0d1bd35470:   00007f0cf83fd380 00007f0cf83fd5d0
0x00007f0d1bd35480:   0000000000000000 00007f0d3911c34f
0x00007f0d1bd35490:   00007f0cf83fd7f8 00007f0cf83fd7b8 

Instructions: (pc=0x00007f0d38cfaf74)
0x00007f0d38cfaf54:   4c 8d 2c c5 08 00 00 00 0f 1f 40 00 49 8b 44 24
0x00007f0d38cfaf64:   08 4c 8b 3c 18 4d 85 ff 74 42 41 f6 c7 01 75 3c
0x00007f0d38cfaf74:   49 83 3f fe 74 36 41 8b 77 28 89 f0 c1 e8 05 3b
0x00007f0d38cfaf84:   45 b0 0f 83 84 00 00 00 89 f1 ba 01 00 00 00 83 

Register to memory mapping:

RAX=0x00007f0cf83fb058 is an unknown value
RBX=0x0000000000000008 is an unknown value
RCX=0x00007f0cf84c545c is an unknown value
RDX=0x0000000000020000 is an unknown value
RSP=0x00007f0d1bd352a0 is pointing into the stack for thread: 0x00007f0d340af000
RBP=0x00007f0d1bd35360 is pointing into the stack for thread: 0x00007f0d340af000
RSI=0x000000000012e800 is an unknown value
RDI=0x00007f0cf4172ee0 is an unknown value
R8 =0x00007f0cf84c57b0 is an unknown value
R9 =0x0000000000000000 is an unknown value
R10=0x00007f0cf80cfb78 is an unknown value
R11=0x0000000000000000 is an unknown value
R12=0x00007f0cf83fb020 is an unknown value
R13=0x0000000000000010 is an unknown value
R14=0x000000000000036d is an unknown value
R15=0x00007f0ce83faab0 is an unknown value


Stack: [0x00007f0d1bc39000,0x00007f0d1bd3a000],  sp=0x00007f0d1bd352a0,  free space=1008k
Native frames: (J=compiled Java code, j=interpreted, Vv=VM code, C=native code)
V  [libjvm.so+0x45af74]
V  [libjvm.so+0x46586b]
V  [libjvm.so+0x466951]
V  [libjvm.so+0x3b61a1]
V  [libjvm.so+0x471255]
V  [libjvm.so+0x472ee7]
V  [libjvm.so+0x9f8637]
V  [libjvm.so+0x9f8a35]
V  [libjvm.so+0x8a1062]
C  [libpthread.so.0+0x7354]  start_thread+0xc4


Current CompileTask:
C2:   3735 1405       4       com.android.dx.ssa.SCCP::simulateBranch (666 bytes)


---------------  P R O C E S S  ---------------

Java Threads: ( => current thread )
  0x00007f0d340b8000 JavaThread "Service Thread" daemon [_thread_blocked, id=8374, stack(0x00007f0d1ba37000,0x00007f0d1bb38000)]
  0x00007f0d340b0800 JavaThread "C1 CompilerThread2" daemon [_thread_blocked, id=8372, stack(0x00007f0d1bb38000,0x00007f0d1bc39000)]
=>0x00007f0d340af000 JavaThread "C2 CompilerThread1" daemon [_thread_in_native, id=8370, stack(0x00007f0d1bc39000,0x00007f0d1bd3a000)]
  0x00007f0d340ac000 JavaThread "C2 CompilerThread0" daemon [_thread_in_native, id=8367, stack(0x00007f0d1bd3a000,0x00007f0d1be3b000)]
  0x00007f0d340aa000 JavaThread "Signal Dispatcher" daemon [_thread_blocked, id=8365, stack(0x00007f0d2001e000,0x00007f0d2011f000)]
  0x00007f0d3407d000 JavaThread "Finalizer" daemon [_thread_blocked, id=8364, stack(0x00007f0d2011f000,0x00007f0d20220000)]
  0x00007f0d3407b000 JavaThread "Reference Handler" daemon [_thread_blocked, id=8363, stack(0x00007f0d20220000,0x00007f0d20321000)]
  0x00007f0d34008800 JavaThread "main" [_thread_in_Java, id=8348, stack(0x00007f0d3a4b4000,0x00007f0d3a5b5000)]

Other Threads:
  0x00007f0d34076000 VMThread [stack: 0x00007f0d20321000,0x00007f0d20422000] [id=8361]
  0x00007f0d340ba000 WatcherThread [stack: 0x00007f0d1b936000,0x00007f0d1ba37000] [id=8376]

VM state:not at safepoint (normal execution)

VM Mutex/Monitor currently owned by a thread: None

Heap:
 PSYoungGen      total 17408K, used 14313K [0x00000000eab00000, 0x00000000ecd00000, 0x0000000100000000)
  eden space 15360K, 80% used [0x00000000eab00000,0x00000000eb702768,0x00000000eba00000)
  from space 2048K, 98% used [0x00000000ebc00000,0x00000000ebdf8028,0x00000000ebe00000)
  to   space 2048K, 0% used [0x00000000eba00000,0x00000000eba00000,0x00000000ebc00000)
 ParOldGen       total 39936K, used 4459K [0x00000000c0000000, 0x00000000c2700000, 0x00000000eab00000)
  object space 39936K, 11% used [0x00000000c0000000,0x00000000c045ad30,0x00000000c2700000)
 Metaspace       used 5762K, capacity 7024K, committed 7296K, reserved 1056768K
  class space    used 538K, capacity 616K, committed 640K, reserved 1048576K

Card table byte_map: [0x00007f0d243fc000,0x00007f0d245fd000] byte_map_base: 0x00007f0d23dfc000

Marking Bits: (ParMarkBitMap*) 0x00007f0d397bc1a0
 Begin Bits: [0x00007f0d21ff8000, 0x00007f0d22ff8000)
 End Bits:   [0x00007f0d22ff8000, 0x00007f0d23ff8000)

Polling page: 0x00007f0d3a5dc000

CodeCache: size=245760Kb used=5701Kb max_used=5701Kb free=240058Kb
 bounds [0x00007f0d249bd000, 0x00007f0d24f5d000, 0x00007f0d339bd000]
 total_blobs=1667 nmethods=1404 adapters=178
 compilation: enabled

Compilation events (10 events):
Event: 3.679 Thread 0x00007f0d340b0800 1419       3       com.android.dx.rop.code.Rops::opMarkLocal (69 bytes)
Event: 3.680 Thread 0x00007f0d340b0800 nmethod 1419 0x00007f0d24f48610 code [0x00007f0d24f48840, 0x00007f0d24f49418]
Event: 3.681 Thread 0x00007f0d340b0800 1420       3       com.android.dx.rop.code.RegisterSpec::withLocalItem (41 bytes)
Event: 3.681 Thread 0x00007f0d340b0800 nmethod 1420 0x00007f0d24f47e10 code [0x00007f0d24f47fc0, 0x00007f0d24f484b8]
Event: 3.695 Thread 0x00007f0d340b0800 1421   !   3       com.android.dx.cf.code.Merger::mergeStack (192 bytes)
Event: 3.698 Thread 0x00007f0d340b0800 nmethod 1421 0x00007f0d24f4e290 code [0x00007f0d24f4e620, 0x00007f0d24f505f8]
Event: 3.698 Thread 0x00007f0d340b0800 1422       3       com.android.dx.cf.code.Frame::mergeSubroutineLists (90 bytes)
Event: 3.698 Thread 0x00007f0d340b0800 nmethod 1422 0x00007f0d24f51810 code [0x00007f0d24f519e0, 0x00007f0d24f522c8]
Event: 3.731 Thread 0x00007f0d340b0800 1424       3       com.android.dx.cf.direct.DirectClassFile::getSourceFile (31 bytes)
Event: 3.732 Thread 0x00007f0d340b0800 nmethod 1424 0x00007f0d24f47510 code [0x00007f0d24f476c0, 0x00007f0d24f47c78]

GC Heap History (4 events):
Event: 2.115 GC heap before
{Heap before GC invocations=1 (full 0):
 PSYoungGen      total 17408K, used 15360K [0x00000000eab00000, 0x00000000ebe00000, 0x0000000100000000)
  eden space 15360K, 100% used [0x00000000eab00000,0x00000000eba00000,0x00000000eba00000)
  from space 2048K, 0% used [0x00000000ebc00000,0x00000000ebc00000,0x00000000ebe00000)
  to   space 2048K, 0% used [0x00000000eba00000,0x00000000eba00000,0x00000000ebc00000)
 ParOldGen       total 39936K, used 0K [0x00000000c0000000, 0x00000000c2700000, 0x00000000eab00000)
  object space 39936K, 0% used [0x00000000c0000000,0x00000000c0000000,0x00000000c2700000)
 Metaspace       used 5478K, capacity 6768K, committed 7040K, reserved 1056768K
  class space    used 533K, capacity 616K, committed 640K, reserved 1048576K
Event: 2.127 GC heap after
Heap after GC invocations=1 (full 0):
 PSYoungGen      total 17408K, used 2039K [0x00000000eab00000, 0x00000000ebe00000, 0x0000000100000000)
  eden space 15360K, 0% used [0x00000000eab00000,0x00000000eab00000,0x00000000eba00000)
  from space 2048K, 99% used [0x00000000eba00000,0x00000000ebbfdc78,0x00000000ebc00000)
  to   space 2048K, 0% used [0x00000000ebc00000,0x00000000ebc00000,0x00000000ebe00000)
 ParOldGen       total 39936K, used 1912K [0x00000000c0000000, 0x00000000c2700000, 0x00000000eab00000)
  object space 39936K, 4% used [0x00000000c0000000,0x00000000c01de078,0x00000000c2700000)
 Metaspace       used 5478K, capacity 6768K, committed 7040K, reserved 1056768K
  class space    used 533K, capacity 616K, committed 640K, reserved 1048576K
}
Event: 3.221 GC heap before
{Heap before GC invocations=2 (full 0):
 PSYoungGen      total 17408K, used 17399K [0x00000000eab00000, 0x00000000ebe00000, 0x0000000100000000)
  eden space 15360K, 100% used [0x00000000eab00000,0x00000000eba00000,0x00000000eba00000)
  from space 2048K, 99% used [0x00000000eba00000,0x00000000ebbfdc78,0x00000000ebc00000)
  to   space 2048K, 0% used [0x00000000ebc00000,0x00000000ebc00000,0x00000000ebe00000)
 ParOldGen       total 39936K, used 1912K [0x00000000c0000000, 0x00000000c2700000, 0x00000000eab00000)
  object space 39936K, 4% used [0x00000000c0000000,0x00000000c01de078,0x00000000c2700000)
 Metaspace       used 5724K, capacity 6960K, committed 7040K, reserved 1056768K
  class space    used 538K, capacity 616K, committed 640K, reserved 1048576K
Event: 3.254 GC heap after
Heap after GC invocations=2 (full 0):
 PSYoungGen      total 17408K, used 2016K [0x00000000eab00000, 0x00000000ecd00000, 0x0000000100000000)
  eden space 15360K, 0% used [0x00000000eab00000,0x00000000eab00000,0x00000000eba00000)
  from space 2048K, 98% used [0x00000000ebc00000,0x00000000ebdf8028,0x00000000ebe00000)
  to   space 2048K, 0% used [0x00000000eba00000,0x00000000eba00000,0x00000000ebc00000)
 ParOldGen       total 39936K, used 4459K [0x00000000c0000000, 0x00000000c2700000, 0x00000000eab00000)
  object space 39936K, 11% used [0x00000000c0000000,0x00000000c045ad30,0x00000000c2700000)
 Metaspace       used 5724K, capacity 6960K, committed 7040K, reserved 1056768K
  class space    used 538K, capacity 616K, committed 640K, reserved 1048576K
}

Deoptimization events (10 events):
Event: 2.565 Thread 0x00007f0d34008800 Uncommon trap: reason=unstable_if action=reinterpret pc=0x00007f0d24cc5cac method=com.android.dx.rop.code.RegisterSpec.equals(ILcom/android/dx/rop/type/TypeBearer;Lcom/android/dx/rop/code/LocalItem;)Z @ 42
Event: 2.643 Thread 0x00007f0d34008800 Uncommon trap: reason=bimorphic action=maybe_recompile pc=0x00007f0d24c659bc method=java.util.HashMap.getNode(ILjava/lang/Object;)Ljava/util/HashMap$Node; @ 126
Event: 2.838 Thread 0x00007f0d34008800 Uncommon trap: reason=class_check action=maybe_recompile pc=0x00007f0d24cc72c8 method=com.android.dx.rop.type.Type.equals(Ljava/lang/Object;)Z @ 8
Event: 2.838 Thread 0x00007f0d34008800 Uncommon trap: reason=class_check action=maybe_recompile pc=0x00007f0d24cc72c8 method=com.android.dx.rop.type.Type.equals(Ljava/lang/Object;)Z @ 8
Event: 2.838 Thread 0x00007f0d34008800 Uncommon trap: reason=class_check action=maybe_recompile pc=0x00007f0d24cc72c8 method=com.android.dx.rop.type.Type.equals(Ljava/lang/Object;)Z @ 8
Event: 2.839 Thread 0x00007f0d34008800 Uncommon trap: reason=unstable_if action=reinterpret pc=0x00007f0d24e80920 method=com.android.dx.cf.code.Ropper.labelToResultIndex(I)I @ 34
Event: 2.840 Thread 0x00007f0d34008800 Uncommon trap: reason=class_check action=maybe_recompile pc=0x00007f0d24cc72c8 method=com.android.dx.rop.type.Type.equals(Ljava/lang/Object;)Z @ 8
Event: 2.842 Thread 0x00007f0d34008800 Uncommon trap: reason=class_check action=maybe_recompile pc=0x00007f0d24c65a0c method=com.android.dx.rop.type.Type.equals(Ljava/lang/Object;)Z @ 8
Event: 2.842 Thread 0x00007f0d34008800 Uncommon trap: reason=unstable_if action=reinterpret pc=0x00007f0d24e8392c method=com.android.dx.util.LabeledList.set(ILcom/android/dx/util/LabeledItem;)V @ 16
Event: 2.872 Thread 0x00007f0d34008800 Uncommon trap: reason=class_check action=maybe_recompile pc=0x00007f0d24c832c4 method=com.android.dx.rop.type.Type.equals(Ljava/lang/Object;)Z @ 8

Internal exceptions (3 events):
Event: 0.095 Thread 0x00007f0d34008800 Exception <a 'java/lang/NoSuchMethodError': Method sun.misc.Unsafe.defineClass(Ljava/lang/String;[BII)Ljava/lang/Class; name or signature does not match> (0x00000000eab12a48) thrown at [/build/java8-openjdk/src/jdk8u-jdk8u51-b16/hotspot/src/share/vm/prims
Event: 0.095 Thread 0x00007f0d34008800 Exception <a 'java/lang/NoSuchMethodError': Method sun.misc.Unsafe.prefetchRead(Ljava/lang/Object;J)V name or signature does not match> (0x00000000eab12cd8) thrown at [/build/java8-openjdk/src/jdk8u-jdk8u51-b16/hotspot/src/share/vm/prims/jni.cpp, line 399
Event: 2.266 Thread 0x00007f0d34008800 Implicit null exception at 0x00007f0d24d274b3 to 0x00007f0d24d29861

Events (10 events):
Event: 3.033 Executing VM operation: ForceSafepoint
Event: 3.033 Executing VM operation: ForceSafepoint done
Event: 3.212 loading class java/util/TreeMap$EntrySet
Event: 3.212 loading class java/util/TreeMap$EntrySet done
Event: 3.213 loading class java/util/TreeMap$EntryIterator
Event: 3.213 loading class java/util/TreeMap$EntryIterator done
Event: 3.213 Executing VM operation: Deoptimize
Event: 3.213 Executing VM operation: Deoptimize done
Event: 3.221 Executing VM operation: ParallelGCFailedAllocation
Event: 3.254 Executing VM operation: ParallelGCFailedAllocation done


Dynamic libraries:
00400000-00401000 r-xp 00000000 08:09 22677337                           /usr/lib/jvm/java-8-openjdk/jre/bin/java
00600000-00601000 rw-p 00000000 08:09 22677337                           /usr/lib/jvm/java-8-openjdk/jre/bin/java
00e80000-00ea1000 rw-p 00000000 00:00 0                                  [heap]
c0000000-c2700000 rw-p 00000000 00:00 0 
c2700000-eab00000 ---p 00000000 00:00 0 
eab00000-ecd00000 rw-p 00000000 00:00 0 
ecd00000-100000000 ---p 00000000 00:00 0 
100000000-1000a0000 rw-p 00000000 00:00 0 
1000a0000-140000000 ---p 00000000 00:00 0 
7f0ce4000000-7f0ce4021000 rw-p 00000000 00:00 0 
7f0ce4021000-7f0ce8000000 ---p 00000000 00:00 0 
7f0cec000000-7f0cec6c0000 rw-p 00000000 00:00 0 
7f0cec6c0000-7f0cf0000000 ---p 00000000 00:00 0 
7f0cf0000000-7f0cf0021000 rw-p 00000000 00:00 0 
7f0cf0021000-7f0cf4000000 ---p 00000000 00:00 0 
7f0cf4000000-7f0cf45c8000 rw-p 00000000 00:00 0 
7f0cf45c8000-7f0cf8000000 ---p 00000000 00:00 0 
7f0cf8000000-7f0cf8528000 rw-p 00000000 00:00 0 
7f0cf8528000-7f0cfc000000 ---p 00000000 00:00 0 
7f0cfc000000-7f0cfc021000 rw-p 00000000 00:00 0 
7f0cfc021000-7f0d00000000 ---p 00000000 00:00 0 
7f0d00000000-7f0d00021000 rw-p 00000000 00:00 0 
7f0d00021000-7f0d04000000 ---p 00000000 00:00 0 
7f0d04000000-7f0d04021000 rw-p 00000000 00:00 0 
7f0d04021000-7f0d08000000 ---p 00000000 00:00 0 
7f0d08000000-7f0d08021000 rw-p 00000000 00:00 0 
7f0d08021000-7f0d0c000000 ---p 00000000 00:00 0 
7f0d0c000000-7f0d0c021000 rw-p 00000000 00:00 0 
7f0d0c021000-7f0d10000000 ---p 00000000 00:00 0 
7f0d10000000-7f0d10021000 rw-p 00000000 00:00 0 
7f0d10021000-7f0d14000000 ---p 00000000 00:00 0 
7f0d14000000-7f0d14021000 rw-p 00000000 00:00 0 
7f0d14021000-7f0d18000000 ---p 00000000 00:00 0 
7f0d1b936000-7f0d1b937000 ---p 00000000 00:00 0 
7f0d1b937000-7f0d1ba37000 rw-p 00000000 00:00 0                          [stack:8376]
7f0d1ba37000-7f0d1ba3a000 ---p 00000000 00:00 0 
7f0d1ba3a000-7f0d1bb38000 rw-p 00000000 00:00 0                          [stack:8374]
7f0d1bb38000-7f0d1bb3b000 ---p 00000000 00:00 0 
7f0d1bb3b000-7f0d1bc39000 rw-p 00000000 00:00 0                          [stack:8372]
7f0d1bc39000-7f0d1bc3c000 ---p 00000000 00:00 0 
7f0d1bc3c000-7f0d1bd3a000 rw-p 00000000 00:00 0                          [stack:8370]
7f0d1bd3a000-7f0d1bd3d000 ---p 00000000 00:00 0 
7f0d1bd3d000-7f0d1be3b000 rw-p 00000000 00:00 0                          [stack:8367]
7f0d1be3b000-7f0d1c000000 r--p 00000000 08:09 21789407                   /usr/lib/locale/locale-archive
7f0d1c000000-7f0d1c021000 rw-p 00000000 00:00 0 
7f0d1c021000-7f0d20000000 ---p 00000000 00:00 0 
7f0d20015000-7f0d2001e000 r--s 00089000 08:09 17694948                   /home/tribeirom/Docs/devel/FoodRestrictionApp/app/build/intermediates/exploded-aar/com.android.support/appcompat-v7/23.1.1/jars/classes.jar
7f0d2001e000-7f0d20021000 ---p 00000000 00:00 0 
7f0d20021000-7f0d2011f000 rw-p 00000000 00:00 0                          [stack:8365]
7f0d2011f000-7f0d20122000 ---p 00000000 00:00 0 
7f0d20122000-7f0d20220000 rw-p 00000000 00:00 0                          [stack:8364]
7f0d20220000-7f0d20223000 ---p 00000000 00:00 0 
7f0d20223000-7f0d20321000 rw-p 00000000 00:00 0                          [stack:8363]
7f0d20321000-7f0d20322000 ---p 00000000 00:00 0 
7f0d20322000-7f0d213b5000 rw-p 00000000 00:00 0                          [stack:8361]
7f0d213b5000-7f0d21582000 r--s 03bd6000 08:09 22677247                   /usr/lib/jvm/java-8-openjdk/jre/lib/rt.jar
7f0d21582000-7f0d21c78000 rw-p 00000000 00:00 0 
7f0d21c78000-7f0d21df8000 ---p 00000000 00:00 0 
7f0d21df8000-7f0d23ff8000 rw-p 00000000 00:00 0 
7f0d23ff8000-7f0d23ff9000 ---p 00000000 00:00 0 
7f0d23ff9000-7f0d240f9000 rw-p 00000000 00:00 0                          [stack:8358]
7f0d240f9000-7f0d240fa000 ---p 00000000 00:00 0 
7f0d240fa000-7f0d241fa000 rw-p 00000000 00:00 0                          [stack:8356]
7f0d241fa000-7f0d241fb000 ---p 00000000 00:00 0 
7f0d241fb000-7f0d242fb000 rw-p 00000000 00:00 0                          [stack:8353]
7f0d242fb000-7f0d242fc000 ---p 00000000 00:00 0 
7f0d242fc000-7f0d24410000 rw-p 00000000 00:00 0                          [stack:8351]
7f0d24410000-7f0d24551000 ---p 00000000 00:00 0 
7f0d24551000-7f0d24563000 rw-p 00000000 00:00 0 
7f0d24563000-7f0d245fc000 ---p 00000000 00:00 0 
7f0d245fc000-7f0d24614000 rw-p 00000000 00:00 0 
7f0d24614000-7f0d249bd000 ---p 00000000 00:00 0 
7f0d249bd000-7f0d24f5d000 rwxp 00000000 00:00 0 
7f0d24f5d000-7f0d339bd000 ---p 00000000 00:00 0 
7f0d339bd000-7f0d339c5000 r-xp 00000000 08:09 22677305                   /usr/lib/jvm/java-8-openjdk/jre/lib/amd64/libzip.so
7f0d339c5000-7f0d33bc4000 ---p 00008000 08:09 22677305                   /usr/lib/jvm/java-8-openjdk/jre/lib/amd64/libzip.so
7f0d33bc4000-7f0d33bc5000 rw-p 00007000 08:09 22677305                   /usr/lib/jvm/java-8-openjdk/jre/lib/amd64/libzip.so
7f0d33bc5000-7f0d33bd0000 r-xp 00000000 08:09 21761119                   /usr/lib/libnss_files-2.21.so
7f0d33bd0000-7f0d33dd0000 ---p 0000b000 08:09 21761119                   /usr/lib/libnss_files-2.21.so
7f0d33dd0000-7f0d33dd1000 r--p 0000b000 08:09 21761119                   /usr/lib/libnss_files-2.21.so
7f0d33dd1000-7f0d33dd2000 rw-p 0000c000 08:09 21761119                   /usr/lib/libnss_files-2.21.so
7f0d33dd2000-7f0d33dfe000 r-xp 00000000 08:09 22677304                   /usr/lib/jvm/java-8-openjdk/jre/lib/amd64/libjava.so
7f0d33dfe000-7f0d33ffe000 ---p 0002c000 08:09 22677304                   /usr/lib/jvm/java-8-openjdk/jre/lib/amd64/libjava.so
7f0d33ffe000-7f0d34000000 rw-p 0002c000 08:09 22677304                   /usr/lib/jvm/java-8-openjdk/jre/lib/amd64/libjava.so
7f0d34000000-7f0d341cc000 rw-p 00000000 00:00 0 
7f0d341cc000-7f0d38000000 ---p 00000000 00:00 0 
7f0d38000000-7f0d3800f000 r--s 000dd000 08:09 11667814                   /home/tribeirom/.usr/apps/android-sdk/build-tools/21.1.2/lib/dx.jar
7f0d3800f000-7f0d38044000 rw-p 00000000 00:00 0 
7f0d38044000-7f0d38186000 ---p 00000000 00:00 0 
7f0d38186000-7f0d38193000 r-xp 00000000 08:09 22677296                   /usr/lib/jvm/java-8-openjdk/jre/lib/amd64/libverify.so
7f0d38193000-7f0d38392000 ---p 0000d000 08:09 22677296                   /usr/lib/jvm/java-8-openjdk/jre/lib/amd64/libverify.so
7f0d38392000-7f0d38394000 rw-p 0000c000 08:09 22677296                   /usr/lib/jvm/java-8-openjdk/jre/lib/amd64/libverify.so
7f0d38394000-7f0d3839b000 r-xp 00000000 08:09 21761162                   /usr/lib/librt-2.21.so
7f0d3839b000-7f0d3859a000 ---p 00007000 08:09 21761162                   /usr/lib/librt-2.21.so
7f0d3859a000-7f0d3859b000 r--p 00006000 08:09 21761162                   /usr/lib/librt-2.21.so
7f0d3859b000-7f0d3859c000 rw-p 00007000 08:09 21761162                   /usr/lib/librt-2.21.so
7f0d3859c000-7f0d3869f000 r-xp 00000000 08:09 21761202                   /usr/lib/libm-2.21.so
7f0d3869f000-7f0d3889e000 ---p 00103000 08:09 21761202                   /usr/lib/libm-2.21.so
7f0d3889e000-7f0d3889f000 r--p 00102000 08:09 21761202                   /usr/lib/libm-2.21.so
7f0d3889f000-7f0d388a0000 rw-p 00103000 08:09 21761202                   /usr/lib/libm-2.21.so
7f0d388a0000-7f0d394ee000 r-xp 00000000 08:09 22677328                   /usr/lib/jvm/java-8-openjdk/jre/lib/amd64/server/libjvm.so
7f0d394ee000-7f0d396ed000 ---p 00c4e000 08:09 22677328                   /usr/lib/jvm/java-8-openjdk/jre/lib/amd64/server/libjvm.so
7f0d396ed000-7f0d397a9000 rw-p 00c4d000 08:09 22677328                   /usr/lib/jvm/java-8-openjdk/jre/lib/amd64/server/libjvm.so
7f0d397a9000-7f0d397d7000 rw-p 00000000 00:00 0 
7f0d397d7000-7f0d39970000 r-xp 00000000 08:09 21761134                   /usr/lib/libc-2.21.so
7f0d39970000-7f0d39b6f000 ---p 00199000 08:09 21761134                   /usr/lib/libc-2.21.so
7f0d39b6f000-7f0d39b73000 r--p 00198000 08:09 21761134                   /usr/lib/libc-2.21.so
7f0d39b73000-7f0d39b75000 rw-p 0019c000 08:09 21761134                   /usr/lib/libc-2.21.so
7f0d39b75000-7f0d39b79000 rw-p 00000000 00:00 0 
7f0d39b79000-7f0d39b7c000 r-xp 00000000 08:09 21761176                   /usr/lib/libdl-2.21.so
7f0d39b7c000-7f0d39d7b000 ---p 00003000 08:09 21761176                   /usr/lib/libdl-2.21.so
7f0d39d7b000-7f0d39d7c000 r--p 00002000 08:09 21761176                   /usr/lib/libdl-2.21.so
7f0d39d7c000-7f0d39d7d000 rw-p 00003000 08:09 21761176                   /usr/lib/libdl-2.21.so
7f0d39d7d000-7f0d39d8a000 r-xp 00000000 08:09 22677325                   /usr/lib/jvm/java-8-openjdk/jre/lib/amd64/jli/libjli.so
7f0d39d8a000-7f0d39f89000 ---p 0000d000 08:09 22677325                   /usr/lib/jvm/java-8-openjdk/jre/lib/amd64/jli/libjli.so
7f0d39f89000-7f0d39f8a000 rw-p 0000c000 08:09 22677325                   /usr/lib/jvm/java-8-openjdk/jre/lib/amd64/jli/libjli.so
7f0d39f8a000-7f0d39f9f000 r-xp 00000000 08:09 21764213                   /usr/lib/libz.so.1.2.8
7f0d39f9f000-7f0d3a19e000 ---p 00015000 08:09 21764213                   /usr/lib/libz.so.1.2.8
7f0d3a19e000-7f0d3a19f000 r--p 00014000 08:09 21764213                   /usr/lib/libz.so.1.2.8
7f0d3a19f000-7f0d3a1a0000 rw-p 00015000 08:09 21764213                   /usr/lib/libz.so.1.2.8
7f0d3a1a0000-7f0d3a1b8000 r-xp 00000000 08:09 21761161                   /usr/lib/libpthread-2.21.so
7f0d3a1b8000-7f0d3a3b7000 ---p 00018000 08:09 21761161                   /usr/lib/libpthread-2.21.so
7f0d3a3b7000-7f0d3a3b8000 r--p 00017000 08:09 21761161                   /usr/lib/libpthread-2.21.so
7f0d3a3b8000-7f0d3a3b9000 rw-p 00018000 08:09 21761161                   /usr/lib/libpthread-2.21.so
7f0d3a3b9000-7f0d3a3bd000 rw-p 00000000 00:00 0 
7f0d3a3bd000-7f0d3a3df000 r-xp 00000000 08:09 21761197                   /usr/lib/ld-2.21.so
7f0d3a3e4000-7f0d3a4b4000 rw-p 00000000 00:00 0 
7f0d3a4b4000-7f0d3a4b7000 ---p 00000000 00:00 0 
7f0d3a4b7000-7f0d3a5b9000 rw-p 00000000 00:00 0                          [stack:8348]
7f0d3a5bd000-7f0d3a5d3000 rw-p 00000000 00:00 0 
7f0d3a5d3000-7f0d3a5db000 rw-s 00000000 00:21 4050000                    /tmp/hsperfdata_tribeirom/8345
7f0d3a5db000-7f0d3a5dc000 rw-p 00000000 00:00 0 
7f0d3a5dc000-7f0d3a5dd000 r--p 00000000 00:00 0 
7f0d3a5dd000-7f0d3a5de000 rw-p 00000000 00:00 0 
7f0d3a5de000-7f0d3a5df000 r--p 00021000 08:09 21761197                   /usr/lib/ld-2.21.so
7f0d3a5df000-7f0d3a5e0000 rw-p 00022000 08:09 21761197                   /usr/lib/ld-2.21.so
7f0d3a5e0000-7f0d3a5e1000 rw-p 00000000 00:00 0 
7fffa3ea8000-7fffa3ec9000 rw-p 00000000 00:00 0                          [stack]
7fffa3f5a000-7fffa3f5c000 r--p 00000000 00:00 0                          [vvar]
7fffa3f5c000-7fffa3f5e000 r-xp 00000000 00:00 0                          [vdso]
ffffffffff600000-ffffffffff601000 r-xp 00000000 00:00 0                  [vsyscall]

VM Arguments:
jvm_args: -Djava.awt.headless=true -Xmx1024M -Dfile.encoding=US-ASCII -Duser.country=US -Duser.language=en -Duser.variant 
java_command: com.android.dx.command.Main --dex --output /home/tribeirom/Docs/devel/FoodRestrictionApp/app/build/intermediates/pre-dexed/debug/com.android.support-appcompat-v7-23.1.1_041c35c30c28b84abf28ad4e7f82e6d4458056b6.jar /home/tribeirom/Docs/devel/FoodRestrictionApp/app/build/intermediates/exploded-aar/com.android.support/appcompat-v7/23.1.1/jars/classes.jar
java_class_path (initial): /home/tribeirom/.usr/apps/android-sdk/build-tools/21.1.2/lib/dx.jar
Launcher Type: SUN_STANDARD

Environment Variables:
PATH=/usr/local/sbin:/usr/local/bin:/usr/bin:/usr/lib/jvm/default/bin:/usr/bin/site_perl:/usr/bin/vendor_perl:/usr/bin/core_perl:/home/tribeirom/.usr/bin:/home/tribeirom/.usr/apps/android-sdk/platform-tools:/home/tribeirom/.usr/apps/android-sdk/tools
LD_LIBRARY_PATH=/home/tribeirom/.usr/apps/android-studio/bin:
SHELL=/bin/bash
DISPLAY=:0.0

Signal Handlers:
SIGSEGV: [libjvm.so+0xa54fa0], sa_mask[0]=11111111011111111101111111111110, sa_flags=SA_RESTART|SA_SIGINFO
SIGBUS: [libjvm.so+0xa54fa0], sa_mask[0]=11111111011111111101111111111110, sa_flags=SA_RESTART|SA_SIGINFO
SIGFPE: [libjvm.so+0x89f1b0], sa_mask[0]=11111111011111111101111111111110, sa_flags=SA_RESTART|SA_SIGINFO
SIGPIPE: [libjvm.so+0x89f1b0], sa_mask[0]=11111111011111111101111111111110, sa_flags=SA_RESTART|SA_SIGINFO
SIGXFSZ: [libjvm.so+0x89f1b0], sa_mask[0]=11111111011111111101111111111110, sa_flags=SA_RESTART|SA_SIGINFO
SIGILL: [libjvm.so+0x89f1b0], sa_mask[0]=11111111011111111101111111111110, sa_flags=SA_RESTART|SA_SIGINFO
SIGUSR1: SIG_DFL, sa_mask[0]=00000000000000000000000000000000, sa_flags=none
SIGUSR2: [libjvm.so+0x89f060], sa_mask[0]=00100000000000000000000000000000, sa_flags=SA_RESTART|SA_SIGINFO
SIGHUP: [libjvm.so+0x89f530], sa_mask[0]=11111111011111111101111111111110, sa_flags=SA_RESTART|SA_SIGINFO
SIGINT: [libjvm.so+0x89f530], sa_mask[0]=11111111011111111101111111111110, sa_flags=SA_RESTART|SA_SIGINFO
SIGTERM: [libjvm.so+0x89f530], sa_mask[0]=11111111011111111101111111111110, sa_flags=SA_RESTART|SA_SIGINFO
SIGQUIT: [libjvm.so+0x89f530], sa_mask[0]=11111111011111111101111111111110, sa_flags=SA_RESTART|SA_SIGINFO


---------------  S Y S T E M  ---------------

OS:NAME="Arch Linux"
ID=arch
PRETTY_NAME="Arch Linux"
ANSI_COLOR="0;36"
HOME_URL="https://www.archlinux.org/"
SUPPORT_URL="https://bbs.archlinux.org/"
BUG_REPORT_URL="https://bugs.archlinux.org/"


uname:Linux 4.1.2-2-ARCH #1 SMP PREEMPT Wed Jul 15 08:30:32 UTC 2015 x86_64
libc:glibc 2.21 NPTL 2.21 
rlimit: STACK 8192k, CORE 0k, NPROC 13875, NOFILE 4096, AS infinity
load average:2.47 0.89 0.62

/proc/meminfo:
MemTotal:        3748176 kB
MemFree:          245568 kB
MemAvailable:     988080 kB
Buffers:           58688 kB
Cached:           701552 kB
SwapCached:        17064 kB
Active:          2333052 kB
Inactive:         983728 kB
Active(anon):    1899600 kB
Inactive(anon):   729816 kB
Active(file):     433452 kB
Inactive(file):   253912 kB
Unevictable:           0 kB
Mlocked:               0 kB
SwapTotal:      10485756 kB
SwapFree:       10418944 kB
Dirty:             24592 kB
Writeback:             0 kB
AnonPages:       2544176 kB
Mapped:           165568 kB
Shmem:             73024 kB
Slab:             108208 kB
SReclaimable:      83756 kB
SUnreclaim:        24452 kB
KernelStack:        5536 kB
PageTables:        11380 kB
NFS_Unstable:          0 kB
Bounce:                0 kB
WritebackTmp:          0 kB
CommitLimit:    12359844 kB
Committed_AS:    3691344 kB
VmallocTotal:   34359738367 kB
VmallocUsed:      387400 kB
VmallocChunk:   34358947836 kB
HardwareCorrupted:     0 kB
AnonHugePages:   1452032 kB
HugePages_Total:       0
HugePages_Free:        0
HugePages_Rsvd:        0
HugePages_Surp:        0
Hugepagesize:       2048 kB
DirectMap4k:      110516 kB
DirectMap2M:     3778560 kB


CPU:total 4 (2 cores per cpu, 2 threads per core) family 6 model 58 stepping 9, cmov, cx8, fxsr, mmx, sse, sse2, sse3, ssse3, sse4.1, sse4.2, popcnt, avx, clmul, erms, ht, tsc, tscinvbit, tscinv

/proc/cpuinfo:
processor	: 0
vendor_id	: GenuineIntel
cpu family	: 6
model		: 58
model name	: Intel(R) Core(TM) i5-3230M CPU @ 2.60GHz
stepping	: 9
microcode	: 0x17
cpu MHz		: 2999.953
cache size	: 3072 KB
physical id	: 0
siblings	: 4
core id		: 0
cpu cores	: 2
apicid		: 0
initial apicid	: 0
fpu		: yes
fpu_exception	: yes
cpuid level	: 13
wp		: yes
flags		: fpu vme de pse tsc msr pae mce cx8 apic sep mtrr pge mca cmov pat pse36 clflush dts acpi mmx fxsr sse sse2 ss ht tm pbe syscall nx rdtscp lm constant_tsc arch_perfmon pebs bts rep_good nopl xtopology nonstop_tsc aperfmperf eagerfpu pni pclmulqdq dtes64 monitor ds_cpl vmx est tm2 ssse3 cx16 xtpr pdcm pcid sse4_1 sse4_2 x2apic popcnt tsc_deadline_timer xsave avx f16c rdrand lahf_lm ida arat epb pln pts dtherm tpr_shadow vnmi flexpriority ept vpid fsgsbase smep erms xsaveopt
bugs		:
bogomips	: 5190.29
clflush size	: 64
cache_alignment	: 64
address sizes	: 36 bits physical, 48 bits virtual
power management:

processor	: 1
vendor_id	: GenuineIntel
cpu family	: 6
model		: 58
model name	: Intel(R) Core(TM) i5-3230M CPU @ 2.60GHz
stepping	: 9
microcode	: 0x17
cpu MHz		: 2999.953
cache size	: 3072 KB
physical id	: 0
siblings	: 4
core id		: 0
cpu cores	: 2
apicid		: 1
initial apicid	: 1
fpu		: yes
fpu_exception	: yes
cpuid level	: 13
wp		: yes
flags		: fpu vme de pse tsc msr pae mce cx8 apic sep mtrr pge mca cmov pat pse36 clflush dts acpi mmx fxsr sse sse2 ss ht tm pbe syscall nx rdtscp lm constant_tsc arch_perfmon pebs bts rep_good nopl xtopology nonstop_tsc aperfmperf eagerfpu pni pclmulqdq dtes64 monitor ds_cpl vmx est tm2 ssse3 cx16 xtpr pdcm pcid sse4_1 sse4_2 x2apic popcnt tsc_deadline_timer xsave avx f16c rdrand lahf_lm ida arat epb pln pts dtherm tpr_shadow vnmi flexpriority ept vpid fsgsbase smep erms xsaveopt
bugs		:
bogomips	: 5190.29
clflush size	: 64
cache_alignment	: 64
address sizes	: 36 bits physical, 48 bits virtual
power management:

processor	: 2
vendor_id	: GenuineIntel
cpu family	: 6
model		: 58
model name	: Intel(R) Core(TM) i5-3230M CPU @ 2.60GHz
stepping	: 9
microcode	: 0x17
cpu MHz		: 2999.953
cache size	: 3072 KB
physical id	: 0
siblings	: 4
core id		: 1
cpu cores	: 2
apicid		: 2
initial apicid	: 2
fpu		: yes
fpu_exception	: yes
cpuid level	: 13
wp		: yes
flags		: fpu vme de pse tsc msr pae mce cx8 apic sep mtrr pge mca cmov pat pse36 clflush dts acpi mmx fxsr sse sse2 ss ht tm pbe syscall nx rdtscp lm constant_tsc arch_perfmon pebs bts rep_good nopl xtopology nonstop_tsc aperfmperf eagerfpu pni pclmulqdq dtes64 monitor ds_cpl vmx est tm2 ssse3 cx16 xtpr pdcm pcid sse4_1 sse4_2 x2apic popcnt tsc_deadline_timer xsave avx f16c rdrand lahf_lm ida arat epb pln pts dtherm tpr_shadow vnmi flexpriority ept vpid fsgsbase smep erms xsaveopt
bugs		:
bogomips	: 5190.29
clflush size	: 64
cache_alignment	: 64
address sizes	: 36 bits physical, 48 bits virtual
power management:

processor	: 3
vendor_id	: GenuineIntel
cpu family	: 6
model		: 58
model name	: Intel(R) Core(TM) i5-3230M CPU @ 2.60GHz
stepping	: 9
microcode	: 0x17
cpu MHz		: 2999.953
cache size	: 3072 KB
physical id	: 0
siblings	: 4
core id		: 1
cpu cores	: 2
apicid		: 3
initial apicid	: 3
fpu		: yes
fpu_exception	: yes
cpuid level	: 13
wp		: yes
flags		: fpu vme de pse tsc msr pae mce cx8 apic sep mtrr pge mca cmov pat pse36 clflush dts acpi mmx fxsr sse sse2 ss ht tm pbe syscall nx rdtscp lm constant_tsc arch_perfmon pebs bts rep_good nopl xtopology nonstop_tsc aperfmperf eagerfpu pni pclmulqdq dtes64 monitor ds_cpl vmx est tm2 ssse3 cx16 xtpr pdcm pcid sse4_1 sse4_2 x2apic popcnt tsc_deadline_timer xsave avx f16c rdrand lahf_lm ida arat epb pln pts dtherm tpr_shadow vnmi flexpriority ept vpid fsgsbase smep erms xsaveopt
bugs		:
bogomips	: 5190.29
clflush size	: 64
cache_alignment	: 64
address sizes	: 36 bits physical, 48 bits virtual
power management:



Memory: 4k page, physical 3748176k(245568k free), swap 10485756k(10418944k free)

vm_info: OpenJDK 64-Bit Server VM (25.51-b03) for linux-amd64 JRE (1.8.0_51-b16), built on Jul 19 2015 18:29:37 by "builduser" with gcc 5.1.0

time: Thu Dec 31 19:56:32 2015
elapsed time: 3 seconds (0d 0h 0m 3s)

